[21:35:01] [main/INFO] (FabricLoader/GameProvider) Loading Minecraft 1.20.1 with Fabric Loader 0.15.11
[21:35:01] [main/DEBUG] (FabricLoader/GamePatch) Found game constructor: net.minecraft.client.main.Main -> net.minecraft.client.Minecraft
[21:35:01] [main/DEBUG] (FabricLoader/GamePatch) Patching game constructor <init>(Lnet/minecraft/client/main/GameConfig;)V
[21:35:01] [main/DEBUG] (FabricLoader/GamePatch) Run directory field is thought to be net/minecraft/client/Minecraft/gameDirectory
[21:35:01] [main/DEBUG] (FabricLoader/GamePatch) Applying brand name hook to net/minecraft/client/ClientBrandRetriever::getClientModName
[21:35:01] [main/DEBUG] (FabricLoader/GamePatch) Applying brand name hook to net/minecraft/server/MinecraftServer::getServerModName
[21:35:02] [main/DEBUG] (FabricLoader/Mappings) Loading mappings took 140 ms
[21:35:02] [main/DEBUG] (FabricLoader/GamePatch) Patched 3 classs
[21:35:02] [main/DEBUG] (FabricLoader/Discovery) Mod discovery time: 168.1 ms
[21:35:02] [main/WARN] (FabricLoader/Resolution) Mod resolution failed
[21:35:02] [main/INFO] (FabricLoader/Resolution) Immediate reason: [HARD_DEP_NO_CANDIDATE fwaystones 3.3.2+mc1.20.1 {depends owo @ [>=0.10.3]}, ROOT_FORCELOAD_SINGLE fwaystones 3.3.2+mc1.20.1]
[21:35:02] [main/INFO] (FabricLoader/Resolution) Reason: [HARD_DEP fwaystones 3.3.2+mc1.20.1 {depends owo @ [>=0.10.3]}]
[21:35:02] [main/INFO] (FabricLoader/Resolution) Fix: add [add:owo 0.10.3 ([[0.10.3,∞)])], remove [], replace []
[21:35:02] [main/ERROR] (FabricLoader) Incompatible mods found!
net.fabricmc.loader.impl.FormattedException: Some of your mods are incompatible with the game or each other!
确定了一种可能的解决方法，这样做可能会解决你的问题：
	 - 安装 owo，0.10.3 及以上版本。
更多信息：
	 - 模组 'Fabric Waystones' (fwaystones) 3.3.2+mc1.20.1 需要 owo 的 0.10.3 及以上版本，但没有安装它！
	at net.fabricmc.loader.impl.FormattedException.ofLocalized(FormattedException.java:51) ~[fabric-loader-0.15.11.jar:?]
	at net.fabricmc.loader.impl.FabricLoaderImpl.load(FabricLoaderImpl.java:195) ~[fabric-loader-0.15.11.jar:?]
	at net.fabricmc.loader.impl.launch.knot.Knot.init(Knot.java:146) ~[fabric-loader-0.15.11.jar:?]
	at net.fabricmc.loader.impl.launch.knot.Knot.launch(Knot.java:68) ~[fabric-loader-0.15.11.jar:?]
	at net.fabricmc.loader.impl.launch.knot.KnotClient.main(KnotClient.java:23) ~[fabric-loader-0.15.11.jar:?]
	at net.fabricmc.devlaunchinjector.Main.main(Main.java:86) ~[?:?]
